3mpqstkhsok2z
3mpqsrvg3mw2a
3mpruhvoqbx2f
3mptgbpe3a22n
3mptffvgfkm26
3mptqn762nv2i
3mptvpkd6hs26
3mptvj42xi62i
3mptvclbdvx26
3mptuz5akfk2x
3mptuqdxzsd2i
3mptulehzur2h
3mptui5yfmq2c
3mpttpa6bpz2c
3mptwk27no32f
3mptwfnjs5h2x
3mptwd4gcn42h
3mptwar5qvr2j
3mptvuirzyb2i
3mpusogplut2d
3mpushmjpha25
3mpus7orj4d2w
3mpusr26tbl2f
3mpvcbcb6is2m
3mpvbyh773p2t
3mpx4cjbl7w2p
3mpxqgxqvbj2y
3mpynqxxjps2p
3mq25k3mej225
3mq25hqfe622c
3mq25f3lku52p
3mq25b35eue2m
3mq2a7o3dxz2r
3mq3tjmttjb2o
3mq3ssiizzn2o
3mq46kfh3wx2c
3mq4y6iheus2y
3mq4xojbvgb2s
3mq5f44a5ss2l
3mq5b2wpf5e2b
3mq5scjfqqa2e
3mq67z6hom22i
3mq6spaxsq22j
3mq6rxdnkas2z
3mq6ruw33n62o
3mq6rsublrv2l
3mq6opbyjnw2g
3mq6oj7mfwh2o
3mq6of2ne672x
3mq75mgyotc2c
3mqettlkopk2g
3mqg6twq6kp2d
3mqh6jam3qn2c
3mqh6ey5tok2l
3mqh62p5ad22o
3mqjxg7wex32s
3mqk342agqw2s
3mqkpjha7zc2e
3mqkp23c4q52e
3mqkoxj5m6q2g
3mqkrp6qmyn2o
3mqkrgae2ss2w
3mqkr6reb2x2e
3mqkr52rijo2c
3mqkqxnlp4t2x
3mqkqwgb5yg2g
3mqkqn2hcd32e
3mqkpu5ppgw2o
3mqkvx4gpxk2o
3mqlf4vwswp2l
3mqlkeoazeo2d
3mqlqt7mkh52y
3mqlqmahzgo2g
3mqmhg4ip5c2j
3mqoboniwep2n
3mqobhcgwbn24
3mqqzptr3to23
3mqqzerwhfi2c
3mqqzec7ydx24
3mqqzdmt7aq2y
3mqqz6frvhp2v
3mqqywpcumn2h
3mqqyrytqpo2v
3mqqyrkp7gg23
3mqqynfj2qw23
3mqqyehapp72z
3mqqy3ytei32y
3mqquszl4ix2c
3mqqtx5uvzj23
3mqtbyfmcbw2n
3mqvly4e5kc27
3mqxszujo3p23
3mqyd2pdq2b2h
3mqycwikasb2h
3mqyrmp3ws423
3mqyritxbcb2p
3mqyrgarzv223
3mqyqvnmuoy23
3mr2nk6ke6s25
3mr2nh5rxrc23
3mr5fn2uijv2u
3mr5fjt2mok24
3mr5fc25tmy2p
3mr5eumdpiy2l
3mr5eck7jxa26
3mr5e335j6s2u
3mr5g7uvkso2p
3mr5q5ywte324
3mr5poitzas2l
3mr5muqxftk2p
3mr5mo56gkk2p
3mr5k3xw7wp2z
3mr5ibphgwp2z
3mr5gn3wdm32n
3mr5gcub44q2z
3mr5xtl4zhw26
3mr5xrf4h6o2h
3mr5tksawoj2j
3mr5tk4sldg23
3mr5sevq66s23
3mr6ovpgjzv23
3mr7djodp6f2l
3mr7uzxvelt2l
3mr7ur4n7q42p
3mr7uqivmvh2h
3mr7uplqong2u
3mr7um7z52b23
3mr7ulow66p2h
3mr7ukl6ghi2l
3mr7ujfdiac2u
3mr7uaw323q23
3mr7u6h7cda23
