sending webhook: https://bsky.app/profile/grandcypher.com/post/3lhbuyjxmlo24
sending webhook: https://bsky.app/profile/grandcypher.com/post/3lhbvbhie5n26
sending webhook: https://bsky.app/profile/grandcypher.com/post/3lhbvkfmf3n2a
sending webhook: https://bsky.app/profile/grandcypher.com/post/3lhbvkgm3kf2e
sending webhook: https://bsky.app/profile/grandcypher.com/post/3lhd3kdo5ez2a
sending webhook: https://bsky.app/profile/grandcypher.com/post/3lhdlquoup42t
sending webhook: https://bsky.app/profile/grandcypher.com/post/3lhdlzt75px2e
sending webhook: https://bsky.app/profile/grandcypher.com/post/3lhdlzuudaw26
sending webhook: https://bsky.app/profile/grandcypher.com/post/3lhdmcr4uul2a
sending webhook: https://bsky.app/profile/grandcypher.com/post/3lhdmcs5tal24
sending webhook: https://bsky.app/profile/grandcypher.com/post/3lhdmloyt4h2e
sending webhook: https://bsky.app/profile/grandcypher.com/post/3lhdmungo4g26
sending webhook: https://bsky.app/profile/grandcypher.com/post/3lhdmuombye2a
sending webhook: https://bsky.app/profile/grandcypher.com/post/3lhdmupf2um2e
sending webhook: https://bsky.app/profile/grandcypher.com/post/3lhdolbcemk2d
sending webhook: https://bsky.app/profile/grandcypher.com/post/3lhdp76arwc2d
sending webhook: https://bsky.app/profile/grandcypher.com/post/3lhefhh2vut2i
sending webhook: https://bsky.app/profile/grandcypher.com/post/3lhgeuzkr5v2i
sending webhook: https://bsky.app/profile/grandcypher.com/post/3lhi3wduzcc2m
sending webhook: https://bsky.app/profile/grandcypher.com/post/3lhjv77itah2n
sending webhook: https://bsky.app/profile/grandcypher.com/post/3lhpnm5oyiy2b
sending webhook: https://bsky.app/profile/grandcypher.com/post/3lhps363dgq2h
sending webhook: https://bsky.app/profile/grandcypher.com/post/3lhqliromte2c
sending webhook: https://bsky.app/profile/grandcypher.com/post/3lhqlrqhetn2n
sending webhook: https://bsky.app/profile/grandcypher.com/post/3lhqlrrhb4m2d
sending webhook: https://bsky.app/profile/grandcypher.com/post/3lhqm2ncufe2c
sending webhook: https://bsky.app/profile/grandcypher.com/post/3lhqmdmdul42d
sending webhook: https://bsky.app/profile/grandcypher.com/post/3lhqmvht5tf27
sending webhook: https://bsky.app/profile/grandcypher.com/post/3lhqn6hffiq2n
sending webhook: https://bsky.app/profile/grandcypher.com/post/3lhqn6ilcfa2n
